0 info it worked if it ends with ok
1 verbose cli [ 'node', '/usr/local/bin/npm', 'update', '--save' ]
2 info using npm@2.5.1
3 info using node@v0.12.0
4 silly mapToRegistry name mongoose
5 silly mapToRegistry using default registry
6 silly mapToRegistry registry https://registry.npmjs.org/
7 silly mapToRegistry uri https://registry.npmjs.org/mongoose
8 silly mapToRegistry name body-parser
9 silly mapToRegistry using default registry
10 silly mapToRegistry registry https://registry.npmjs.org/
11 silly mapToRegistry uri https://registry.npmjs.org/body-parser
12 silly mapToRegistry name cookie-parser
13 silly mapToRegistry using default registry
14 silly mapToRegistry registry https://registry.npmjs.org/
15 silly mapToRegistry uri https://registry.npmjs.org/cookie-parser
16 silly mapToRegistry name debug
17 silly mapToRegistry using default registry
18 silly mapToRegistry registry https://registry.npmjs.org/
19 silly mapToRegistry uri https://registry.npmjs.org/debug
20 silly mapToRegistry name express
21 silly mapToRegistry using default registry
22 silly mapToRegistry registry https://registry.npmjs.org/
23 silly mapToRegistry uri https://registry.npmjs.org/express
24 silly mapToRegistry name morgan
25 silly mapToRegistry using default registry
26 silly mapToRegistry registry https://registry.npmjs.org/
27 silly mapToRegistry uri https://registry.npmjs.org/morgan
28 silly mapToRegistry name mongoose-unique-validator
29 silly mapToRegistry using default registry
30 silly mapToRegistry registry https://registry.npmjs.org/
31 silly mapToRegistry uri https://registry.npmjs.org/mongoose-unique-validator
32 silly mapToRegistry name faker
33 silly mapToRegistry using default registry
34 silly mapToRegistry registry https://registry.npmjs.org/
35 silly mapToRegistry uri https://registry.npmjs.org/faker
36 silly mapToRegistry name garbage
37 silly mapToRegistry using default registry
38 silly mapToRegistry registry https://registry.npmjs.org/
39 silly mapToRegistry uri https://registry.npmjs.org/garbage
40 verbose request uri https://registry.npmjs.org/cookie-parser
41 verbose request no auth needed
42 info attempt registry request try #1 at 10:58:48 AM
43 verbose request id 3c359bcb0613c469
44 verbose etag "AJ6WN0LMLSQVLTPBI8W0N16EA"
45 http request GET https://registry.npmjs.org/cookie-parser
46 verbose request uri https://registry.npmjs.org/debug
47 verbose request no auth needed
48 info attempt registry request try #1 at 10:58:48 AM
49 verbose etag "18R75CD9J8UCWY5WMG3XR7ETB"
50 http request GET https://registry.npmjs.org/debug
51 verbose request uri https://registry.npmjs.org/morgan
52 verbose request no auth needed
53 info attempt registry request try #1 at 10:58:48 AM
54 verbose etag "C8VJ7JUCLHG5IINSV6QZLK3OA"
55 http request GET https://registry.npmjs.org/morgan
56 verbose request uri https://registry.npmjs.org/mongoose
57 verbose request no auth needed
58 info attempt registry request try #1 at 10:58:48 AM
59 verbose etag "9A9PDPGTSJLRLFEF1BTREV9JM"
60 http request GET https://registry.npmjs.org/mongoose
61 verbose request uri https://registry.npmjs.org/body-parser
62 verbose request no auth needed
63 info attempt registry request try #1 at 10:58:48 AM
64 verbose etag "70USRUTSBFDCV9YEWWH2YFTMB"
65 http request GET https://registry.npmjs.org/body-parser
66 verbose request uri https://registry.npmjs.org/mongoose-unique-validator
67 verbose request no auth needed
68 info attempt registry request try #1 at 10:58:48 AM
69 verbose etag "46Q2XURHA091S03K3HQUEE2LI"
70 http request GET https://registry.npmjs.org/mongoose-unique-validator
71 verbose request uri https://registry.npmjs.org/garbage
72 verbose request no auth needed
73 info attempt registry request try #1 at 10:58:48 AM
74 verbose etag "AGUMF9LYAQQKHT0Q0YJVZV9RT"
75 http request GET https://registry.npmjs.org/garbage
76 verbose request uri https://registry.npmjs.org/express
77 verbose request no auth needed
78 info attempt registry request try #1 at 10:58:48 AM
79 verbose etag "CA6FCGP0P1DA3K5E0QJW72MYV"
80 http request GET https://registry.npmjs.org/express
81 verbose request uri https://registry.npmjs.org/faker
82 verbose request no auth needed
83 info attempt registry request try #1 at 10:58:48 AM
84 verbose etag "3GTG1IKUMHIQSE8642VJ2N1B0"
85 http request GET https://registry.npmjs.org/faker
86 http 304 https://registry.npmjs.org/debug
87 silly get cb [ 304,
87 silly get   { date: 'Thu, 16 Apr 2015 14:58:44 GMT',
87 silly get     server: 'Apache',
87 silly get     via: '1.1 varnish',
87 silly get     'last-modified': 'Thu, 16 Apr 2015 14:58:44 GMT',
87 silly get     'cache-control': 'max-age=60',
87 silly get     etag: '"18R75CD9J8UCWY5WMG3XR7ETB"',
87 silly get     age: '18',
87 silly get     'x-served-by': 'cache-dfw1830-DFW',
87 silly get     'x-cache': 'HIT',
87 silly get     'x-cache-hits': '1',
87 silly get     'x-timer': 'S1429196324.626713,VS0,VE0',
87 silly get     vary: 'Accept',
87 silly get     'content-length': '0',
87 silly get     'keep-alive': 'timeout=10, max=50',
87 silly get     connection: 'Keep-Alive' } ]
88 verbose etag https://registry.npmjs.org/debug from cache
89 verbose get saving debug to /Users/teresalee/.npm/registry.npmjs.org/debug/.cache.json
90 silly mapToRegistry name ms
91 silly mapToRegistry using default registry
92 silly mapToRegistry registry https://registry.npmjs.org/
93 silly mapToRegistry uri https://registry.npmjs.org/ms
94 verbose request uri https://registry.npmjs.org/ms
95 verbose request no auth needed
96 info attempt registry request try #1 at 10:58:48 AM
97 verbose etag "2CV4V1PTIW41DQWP8ODMMT2SO"
98 http request GET https://registry.npmjs.org/ms
99 http 200 https://registry.npmjs.org/cookie-parser
100 silly get cb [ 200,
100 silly get   { date: 'Thu, 16 Apr 2015 14:58:44 GMT',
100 silly get     server: 'CouchDB/1.5.0 (Erlang OTP/R16B03)',
100 silly get     etag: '"CV9BVYAHFMTHCAIT3Z3TNUF41"',
100 silly get     'content-type': 'application/json',
100 silly get     'cache-control': 'max-age=60',
100 silly get     'content-length': '15550',
100 silly get     'accept-ranges': 'bytes',
100 silly get     via: '1.1 varnish',
100 silly get     age: '34',
100 silly get     'x-served-by': 'cache-dfw1832-DFW',
100 silly get     'x-cache': 'HIT',
100 silly get     'x-cache-hits': '2',
100 silly get     'x-timer': 'S1429196324.631238,VS0,VE0',
100 silly get     vary: 'Accept',
100 silly get     'keep-alive': 'timeout=10, max=50',
100 silly get     connection: 'Keep-Alive' } ]
101 verbose get saving cookie-parser to /Users/teresalee/.npm/registry.npmjs.org/cookie-parser/.cache.json
102 http 304 https://registry.npmjs.org/mongoose-unique-validator
103 silly get cb [ 304,
103 silly get   { date: 'Thu, 16 Apr 2015 14:58:44 GMT',
103 silly get     server: 'Apache',
103 silly get     via: '1.1 varnish',
103 silly get     'last-modified': 'Thu, 16 Apr 2015 14:58:44 GMT',
103 silly get     'cache-control': 'max-age=60',
103 silly get     etag: '"46Q2XURHA091S03K3HQUEE2LI"',
103 silly get     age: '0',
103 silly get     'x-served-by': 'cache-dfw1820-DFW',
103 silly get     'x-cache': 'MISS',
103 silly get     'x-cache-hits': '0',
103 silly get     'x-timer': 'S1429196324.634685,VS0,VE62',
103 silly get     vary: 'Accept',
103 silly get     'content-length': '0',
103 silly get     'keep-alive': 'timeout=10, max=50',
103 silly get     connection: 'Keep-Alive' } ]
104 verbose etag https://registry.npmjs.org/mongoose-unique-validator from cache
105 verbose get saving mongoose-unique-validator to /Users/teresalee/.npm/registry.npmjs.org/mongoose-unique-validator/.cache.json
106 http 304 https://registry.npmjs.org/garbage
107 silly get cb [ 304,
107 silly get   { date: 'Thu, 16 Apr 2015 14:58:44 GMT',
107 silly get     server: 'Apache',
107 silly get     via: '1.1 varnish',
107 silly get     'last-modified': 'Thu, 16 Apr 2015 14:58:44 GMT',
107 silly get     'cache-control': 'max-age=60',
107 silly get     etag: '"AGUMF9LYAQQKHT0Q0YJVZV9RT"',
107 silly get     age: '0',
107 silly get     'x-served-by': 'cache-dfw1828-DFW',
107 silly get     'x-cache': 'MISS',
107 silly get     'x-cache-hits': '0',
107 silly get     'x-timer': 'S1429196324.633936,VS0,VE66',
107 silly get     vary: 'Accept',
107 silly get     'content-length': '0',
107 silly get     'keep-alive': 'timeout=10, max=50',
107 silly get     connection: 'Keep-Alive' } ]
108 verbose etag https://registry.npmjs.org/garbage from cache
109 verbose get saving garbage to /Users/teresalee/.npm/registry.npmjs.org/garbage/.cache.json
110 http 200 https://registry.npmjs.org/morgan
111 silly get cb [ 200,
111 silly get   { date: 'Thu, 16 Apr 2015 14:58:44 GMT',
111 silly get     server: 'CouchDB/1.5.0 (Erlang OTP/R16B03)',
111 silly get     etag: '"6TG3L5TQ4IGHWP4X094T632VW"',
111 silly get     'content-type': 'application/json',
111 silly get     'cache-control': 'max-age=60',
111 silly get     'content-length': '34589',
111 silly get     'accept-ranges': 'bytes',
111 silly get     via: '1.1 varnish',
111 silly get     age: '51',
111 silly get     'x-served-by': 'cache-dfw1820-DFW',
111 silly get     'x-cache': 'HIT',
111 silly get     'x-cache-hits': '2',
111 silly get     'x-timer': 'S1429196324.624630,VS0,VE0',
111 silly get     vary: 'Accept',
111 silly get     'keep-alive': 'timeout=10, max=50',
111 silly get     connection: 'Keep-Alive' } ]
112 verbose get saving morgan to /Users/teresalee/.npm/registry.npmjs.org/morgan/.cache.json
113 silly mapToRegistry name cookie
114 silly mapToRegistry using default registry
115 silly mapToRegistry registry https://registry.npmjs.org/
116 silly mapToRegistry uri https://registry.npmjs.org/cookie
117 silly mapToRegistry name cookie-signature
118 silly mapToRegistry using default registry
119 silly mapToRegistry registry https://registry.npmjs.org/
120 silly mapToRegistry uri https://registry.npmjs.org/cookie-signature
121 verbose request uri https://registry.npmjs.org/cookie
122 verbose request no auth needed
123 info attempt registry request try #1 at 10:58:49 AM
124 verbose etag "526B1WWL0HV3M9SRCKVJ1RYSA"
125 http request GET https://registry.npmjs.org/cookie
126 verbose request uri https://registry.npmjs.org/cookie-signature
127 verbose request no auth needed
128 info attempt registry request try #1 at 10:58:49 AM
129 verbose etag "AXTBZBIAYRF0XFMXASPPE8PG"
130 http request GET https://registry.npmjs.org/cookie-signature
131 silly mapToRegistry name basic-auth
132 silly mapToRegistry using default registry
133 silly mapToRegistry registry https://registry.npmjs.org/
134 silly mapToRegistry uri https://registry.npmjs.org/basic-auth
135 silly mapToRegistry name debug
136 silly mapToRegistry using default registry
137 silly mapToRegistry registry https://registry.npmjs.org/
138 silly mapToRegistry uri https://registry.npmjs.org/debug
139 silly mapToRegistry name depd
140 silly mapToRegistry using default registry
141 silly mapToRegistry registry https://registry.npmjs.org/
142 silly mapToRegistry uri https://registry.npmjs.org/depd
143 silly mapToRegistry name on-finished
144 silly mapToRegistry using default registry
145 silly mapToRegistry registry https://registry.npmjs.org/
146 silly mapToRegistry uri https://registry.npmjs.org/on-finished
147 verbose get https://registry.npmjs.org/debug not expired, no request
148 verbose request uri https://registry.npmjs.org/basic-auth
149 verbose request no auth needed
150 info attempt registry request try #1 at 10:58:49 AM
151 verbose etag "E9AAQVZ3ULCSQCPOSNIKQ1CMV"
152 http request GET https://registry.npmjs.org/basic-auth
153 verbose request uri https://registry.npmjs.org/depd
154 verbose request no auth needed
155 info attempt registry request try #1 at 10:58:49 AM
156 verbose etag "959L4DCO8A0YC6N807TQ8X7AP"
157 http request GET https://registry.npmjs.org/depd
158 verbose request uri https://registry.npmjs.org/on-finished
159 verbose request no auth needed
160 info attempt registry request try #1 at 10:58:49 AM
161 verbose etag "94IVTJWHQZV71DISH1WGHTVO9"
162 http request GET https://registry.npmjs.org/on-finished
163 http 304 https://registry.npmjs.org/ms
164 silly get cb [ 304,
164 silly get   { date: 'Thu, 16 Apr 2015 14:58:45 GMT',
164 silly get     server: 'Apache',
164 silly get     via: '1.1 varnish',
164 silly get     'last-modified': 'Thu, 16 Apr 2015 14:57:55 GMT',
164 silly get     'cache-control': 'max-age=60',
164 silly get     etag: '"2CV4V1PTIW41DQWP8ODMMT2SO"',
164 silly get     age: '53',
164 silly get     'x-served-by': 'cache-dfw1834-DFW',
164 silly get     'x-cache': 'HIT',
164 silly get     'x-cache-hits': '4',
164 silly get     'x-timer': 'S1429196325.630334,VS0,VE0',
164 silly get     vary: 'Accept',
164 silly get     'content-length': '0',
164 silly get     'keep-alive': 'timeout=10, max=50',
164 silly get     connection: 'Keep-Alive' } ]
165 verbose etag https://registry.npmjs.org/ms from cache
166 verbose get saving ms to /Users/teresalee/.npm/registry.npmjs.org/ms/.cache.json
167 http 304 https://registry.npmjs.org/cookie
168 silly get cb [ 304,
168 silly get   { date: 'Thu, 16 Apr 2015 14:58:45 GMT',
168 silly get     server: 'Apache',
168 silly get     via: '1.1 varnish',
168 silly get     'last-modified': 'Thu, 16 Apr 2015 14:58:45 GMT',
168 silly get     'cache-control': 'max-age=60',
168 silly get     etag: '"526B1WWL0HV3M9SRCKVJ1RYSA"',
168 silly get     age: '28',
168 silly get     'x-served-by': 'cache-dfw1835-DFW',
168 silly get     'x-cache': 'HIT',
168 silly get     'x-cache-hits': '1',
168 silly get     'x-timer': 'S1429196325.664224,VS0,VE0',
168 silly get     vary: 'Accept',
168 silly get     'content-length': '0',
168 silly get     'keep-alive': 'timeout=10, max=50',
168 silly get     connection: 'Keep-Alive' } ]
169 verbose etag https://registry.npmjs.org/cookie from cache
170 verbose get saving cookie to /Users/teresalee/.npm/registry.npmjs.org/cookie/.cache.json
171 http 304 https://registry.npmjs.org/cookie-signature
172 silly get cb [ 304,
172 silly get   { date: 'Thu, 16 Apr 2015 14:58:45 GMT',
172 silly get     server: 'Apache',
172 silly get     via: '1.1 varnish',
172 silly get     'last-modified': 'Thu, 16 Apr 2015 14:58:45 GMT',
172 silly get     'cache-control': 'max-age=60',
172 silly get     etag: '"AXTBZBIAYRF0XFMXASPPE8PG"',
172 silly get     age: '19',
172 silly get     'x-served-by': 'cache-dfw1820-DFW',
172 silly get     'x-cache': 'HIT',
172 silly get     'x-cache-hits': '1',
172 silly get     'x-timer': 'S1429196325.664530,VS0,VE0',
172 silly get     vary: 'Accept',
172 silly get     'content-length': '0',
172 silly get     'keep-alive': 'timeout=10, max=50',
172 silly get     connection: 'Keep-Alive' } ]
173 verbose etag https://registry.npmjs.org/cookie-signature from cache
174 verbose get saving cookie-signature to /Users/teresalee/.npm/registry.npmjs.org/cookie-signature/.cache.json
175 http 304 https://registry.npmjs.org/depd
176 silly get cb [ 304,
176 silly get   { date: 'Thu, 16 Apr 2015 14:58:45 GMT',
176 silly get     server: 'Apache',
176 silly get     via: '1.1 varnish',
176 silly get     'last-modified': 'Thu, 16 Apr 2015 14:58:45 GMT',
176 silly get     'cache-control': 'max-age=60',
176 silly get     etag: '"959L4DCO8A0YC6N807TQ8X7AP"',
176 silly get     age: '35',
176 silly get     'x-served-by': 'cache-dfw1825-DFW',
176 silly get     'x-cache': 'HIT',
176 silly get     'x-cache-hits': '1',
176 silly get     'x-timer': 'S1429196325.670610,VS0,VE0',
176 silly get     vary: 'Accept',
176 silly get     'content-length': '0',
176 silly get     'keep-alive': 'timeout=10, max=50',
176 silly get     connection: 'Keep-Alive' } ]
177 verbose etag https://registry.npmjs.org/depd from cache
178 verbose get saving depd to /Users/teresalee/.npm/registry.npmjs.org/depd/.cache.json
179 http 304 https://registry.npmjs.org/basic-auth
180 silly get cb [ 304,
180 silly get   { date: 'Thu, 16 Apr 2015 14:58:45 GMT',
180 silly get     server: 'Apache',
180 silly get     via: '1.1 varnish',
180 silly get     'last-modified': 'Thu, 16 Apr 2015 14:58:45 GMT',
180 silly get     'cache-control': 'max-age=60',
180 silly get     etag: '"E9AAQVZ3ULCSQCPOSNIKQ1CMV"',
180 silly get     age: '33',
180 silly get     'x-served-by': 'cache-dfw1832-DFW',
180 silly get     'x-cache': 'HIT',
180 silly get     'x-cache-hits': '1',
180 silly get     'x-timer': 'S1429196325.672395,VS0,VE0',
180 silly get     vary: 'Accept',
180 silly get     'content-length': '0',
180 silly get     'keep-alive': 'timeout=10, max=50',
180 silly get     connection: 'Keep-Alive' } ]
181 verbose etag https://registry.npmjs.org/basic-auth from cache
182 verbose get saving basic-auth to /Users/teresalee/.npm/registry.npmjs.org/basic-auth/.cache.json
183 http 304 https://registry.npmjs.org/on-finished
184 silly get cb [ 304,
184 silly get   { date: 'Thu, 16 Apr 2015 14:58:45 GMT',
184 silly get     server: 'Apache',
184 silly get     via: '1.1 varnish',
184 silly get     'last-modified': 'Thu, 16 Apr 2015 14:58:45 GMT',
184 silly get     'cache-control': 'max-age=60',
184 silly get     etag: '"94IVTJWHQZV71DISH1WGHTVO9"',
184 silly get     age: '25',
184 silly get     'x-served-by': 'cache-dfw1833-DFW',
184 silly get     'x-cache': 'HIT',
184 silly get     'x-cache-hits': '1',
184 silly get     'x-timer': 'S1429196325.673838,VS0,VE0',
184 silly get     vary: 'Accept',
184 silly get     'content-length': '0',
184 silly get     'keep-alive': 'timeout=10, max=50',
184 silly get     connection: 'Keep-Alive' } ]
185 verbose etag https://registry.npmjs.org/on-finished from cache
186 verbose get saving on-finished to /Users/teresalee/.npm/registry.npmjs.org/on-finished/.cache.json
187 silly mapToRegistry name ee-first
188 silly mapToRegistry using default registry
189 silly mapToRegistry registry https://registry.npmjs.org/
190 silly mapToRegistry uri https://registry.npmjs.org/ee-first
191 verbose request uri https://registry.npmjs.org/ee-first
192 verbose request no auth needed
193 info attempt registry request try #1 at 10:58:49 AM
194 verbose etag "BL7A7R8C92I3KEN65Q4PCXY8X"
195 http request GET https://registry.npmjs.org/ee-first
196 http 200 https://registry.npmjs.org/body-parser
197 silly get cb [ 200,
197 silly get   { date: 'Thu, 16 Apr 2015 14:58:44 GMT',
197 silly get     server: 'CouchDB/1.5.0 (Erlang OTP/R16B03)',
197 silly get     etag: '"3U8UY57957XNL6RKGHWS9I4EO"',
197 silly get     'content-type': 'application/json',
197 silly get     'cache-control': 'max-age=60',
197 silly get     'content-length': '95447',
197 silly get     'accept-ranges': 'bytes',
197 silly get     via: '1.1 varnish',
197 silly get     age: '48',
197 silly get     'x-served-by': 'cache-dfw1835-DFW',
197 silly get     'x-cache': 'HIT',
197 silly get     'x-cache-hits': '1',
197 silly get     'x-timer': 'S1429196324.630314,VS0,VE0',
197 silly get     vary: 'Accept',
197 silly get     'keep-alive': 'timeout=10, max=50',
197 silly get     connection: 'Keep-Alive' } ]
198 verbose get saving body-parser to /Users/teresalee/.npm/registry.npmjs.org/body-parser/.cache.json
199 http 200 https://registry.npmjs.org/faker
200 silly get cb [ 200,
200 silly get   { date: 'Thu, 16 Apr 2015 14:58:44 GMT',
200 silly get     server: 'CouchDB/1.5.0 (Erlang OTP/R16B03)',
200 silly get     etag: '"5QT1FP2Q8SL83D1SH23DD927"',
200 silly get     'content-type': 'application/json',
200 silly get     'cache-control': 'max-age=60',
200 silly get     'content-length': '18525',
200 silly get     'accept-ranges': 'bytes',
200 silly get     via: '1.1 varnish',
200 silly get     age: '0',
200 silly get     'x-served-by': 'cache-dfw1835-DFW',
200 silly get     'x-cache': 'MISS',
200 silly get     'x-cache-hits': '0',
200 silly get     'x-timer': 'S1429196324.633357,VS0,VE62',
200 silly get     vary: 'Accept',
200 silly get     'keep-alive': 'timeout=10, max=50',
200 silly get     connection: 'Keep-Alive' } ]
201 verbose get saving faker to /Users/teresalee/.npm/registry.npmjs.org/faker/.cache.json
202 silly cache add args [ 'faker', '~0.7.2' ]
203 verbose cache add spec faker@~0.7.2
204 silly cache add parsed spec { raw: 'faker@~0.7.2',
204 silly cache add   scope: null,
204 silly cache add   name: 'faker',
204 silly cache add   rawSpec: '~0.7.2',
204 silly cache add   spec: '>=0.7.2 <0.8.0',
204 silly cache add   type: 'range' }
205 verbose addNamed faker@>=0.7.2 <0.8.0
206 silly addNamed semver.valid null
207 silly addNamed semver.validRange >=0.7.2 <0.8.0
208 silly addNameRange { name: 'faker', range: '>=0.7.2 <0.8.0', hasData: false }
209 silly mapToRegistry name faker
210 silly mapToRegistry using default registry
211 silly mapToRegistry registry https://registry.npmjs.org/
212 silly mapToRegistry uri https://registry.npmjs.org/faker
213 verbose addNameRange registry:https://registry.npmjs.org/faker not in flight; fetching
214 verbose get https://registry.npmjs.org/faker not expired, no request
215 silly addNameRange number 2 { name: 'faker', range: '>=0.7.2 <0.8.0', hasData: true }
216 silly addNameRange versions [ 'faker',
216 silly addNameRange   [ '1.0.0',
216 silly addNameRange     '1.0.1',
216 silly addNameRange     '1.1.0',
216 silly addNameRange     '2.0.0',
216 silly addNameRange     '2.0.1',
216 silly addNameRange     '2.0.2',
216 silly addNameRange     '2.0.3',
216 silly addNameRange     '2.1.0',
216 silly addNameRange     '2.1.1',
216 silly addNameRange     '2.1.2' ] ]
217 http 304 https://registry.npmjs.org/ee-first
218 silly get cb [ 304,
218 silly get   { date: 'Thu, 16 Apr 2015 14:58:46 GMT',
218 silly get     server: 'Apache',
218 silly get     via: '1.1 varnish',
218 silly get     'last-modified': 'Thu, 16 Apr 2015 14:58:29 GMT',
218 silly get     'cache-control': 'max-age=60',
218 silly get     etag: '"BL7A7R8C92I3KEN65Q4PCXY8X"',
218 silly get     age: '31',
218 silly get     'x-served-by': 'cache-dfw1821-DFW',
218 silly get     'x-cache': 'HIT',
218 silly get     'x-cache-hits': '3',
218 silly get     'x-timer': 'S1429196326.640734,VS0,VE0',
218 silly get     vary: 'Accept',
218 silly get     'content-length': '0',
218 silly get     'keep-alive': 'timeout=10, max=50',
218 silly get     connection: 'Keep-Alive' } ]
219 verbose etag https://registry.npmjs.org/ee-first from cache
220 verbose get saving ee-first to /Users/teresalee/.npm/registry.npmjs.org/ee-first/.cache.json
221 http 200 https://registry.npmjs.org/mongoose
222 silly get cb [ 200,
222 silly get   { date: 'Thu, 16 Apr 2015 14:58:44 GMT',
222 silly get     server: 'CouchDB/1.5.0 (Erlang OTP/R16B03)',
222 silly get     etag: '"2MB8G6L4GTCQQYM6LQLIX99EB"',
222 silly get     'content-type': 'application/json',
222 silly get     'cache-control': 'max-age=60',
222 silly get     'content-length': '309402',
222 silly get     'accept-ranges': 'bytes',
222 silly get     via: '1.1 varnish',
222 silly get     age: '50',
222 silly get     'x-served-by': 'cache-dfw1827-DFW',
222 silly get     'x-cache': 'HIT',
222 silly get     'x-cache-hits': '1',
222 silly get     'x-timer': 'S1429196324.626703,VS0,VE1',
222 silly get     vary: 'Accept',
222 silly get     'keep-alive': 'timeout=10, max=50',
222 silly get     connection: 'Keep-Alive' } ]
223 verbose get saving mongoose to /Users/teresalee/.npm/registry.npmjs.org/mongoose/.cache.json
224 http 200 https://registry.npmjs.org/express
225 silly get cb [ 200,
225 silly get   { date: 'Thu, 16 Apr 2015 14:58:44 GMT',
225 silly get     server: 'CouchDB/1.5.0 (Erlang OTP/R16B03)',
225 silly get     etag: '"A6W4DAE8VAM7YPUDGE3SVQCTZ"',
225 silly get     'content-type': 'application/json',
225 silly get     'cache-control': 'max-age=60',
225 silly get     'content-length': '492362',
225 silly get     'accept-ranges': 'bytes',
225 silly get     via: '1.1 varnish',
225 silly get     age: '51',
225 silly get     'x-served-by': 'cache-dfw1823-DFW',
225 silly get     'x-cache': 'HIT',
225 silly get     'x-cache-hits': '2',
225 silly get     'x-timer': 'S1429196324.627814,VS0,VE0',
225 silly get     vary: 'Accept',
225 silly get     'keep-alive': 'timeout=10, max=50',
225 silly get     connection: 'Keep-Alive' } ]
226 verbose get saving express to /Users/teresalee/.npm/registry.npmjs.org/express/.cache.json
227 silly mapToRegistry name accepts
228 silly mapToRegistry using default registry
229 silly mapToRegistry registry https://registry.npmjs.org/
230 silly mapToRegistry uri https://registry.npmjs.org/accepts
231 silly mapToRegistry name content-disposition
232 silly mapToRegistry using default registry
233 silly mapToRegistry registry https://registry.npmjs.org/
234 silly mapToRegistry uri https://registry.npmjs.org/content-disposition
235 silly mapToRegistry name content-type
236 silly mapToRegistry using default registry
237 silly mapToRegistry registry https://registry.npmjs.org/
238 silly mapToRegistry uri https://registry.npmjs.org/content-type
239 silly mapToRegistry name cookie
240 silly mapToRegistry using default registry
241 silly mapToRegistry registry https://registry.npmjs.org/
242 silly mapToRegistry uri https://registry.npmjs.org/cookie
243 silly mapToRegistry name cookie-signature
244 silly mapToRegistry using default registry
245 silly mapToRegistry registry https://registry.npmjs.org/
246 silly mapToRegistry uri https://registry.npmjs.org/cookie-signature
247 silly mapToRegistry name debug
248 silly mapToRegistry using default registry
249 silly mapToRegistry registry https://registry.npmjs.org/
250 silly mapToRegistry uri https://registry.npmjs.org/debug
251 silly mapToRegistry name depd
252 silly mapToRegistry using default registry
253 silly mapToRegistry registry https://registry.npmjs.org/
254 silly mapToRegistry uri https://registry.npmjs.org/depd
255 silly mapToRegistry name escape-html
256 silly mapToRegistry using default registry
257 silly mapToRegistry registry https://registry.npmjs.org/
258 silly mapToRegistry uri https://registry.npmjs.org/escape-html
259 silly mapToRegistry name etag
260 silly mapToRegistry using default registry
261 silly mapToRegistry registry https://registry.npmjs.org/
262 silly mapToRegistry uri https://registry.npmjs.org/etag
263 silly mapToRegistry name finalhandler
264 silly mapToRegistry using default registry
265 silly mapToRegistry registry https://registry.npmjs.org/
266 silly mapToRegistry uri https://registry.npmjs.org/finalhandler
267 silly mapToRegistry name fresh
268 silly mapToRegistry using default registry
269 silly mapToRegistry registry https://registry.npmjs.org/
270 silly mapToRegistry uri https://registry.npmjs.org/fresh
271 silly mapToRegistry name merge-descriptors
272 silly mapToRegistry using default registry
273 silly mapToRegistry registry https://registry.npmjs.org/
274 silly mapToRegistry uri https://registry.npmjs.org/merge-descriptors
275 silly mapToRegistry name methods
276 silly mapToRegistry using default registry
277 silly mapToRegistry registry https://registry.npmjs.org/
278 silly mapToRegistry uri https://registry.npmjs.org/methods
279 silly mapToRegistry name on-finished
280 silly mapToRegistry using default registry
281 silly mapToRegistry registry https://registry.npmjs.org/
282 silly mapToRegistry uri https://registry.npmjs.org/on-finished
283 silly mapToRegistry name parseurl
284 silly mapToRegistry using default registry
285 silly mapToRegistry registry https://registry.npmjs.org/
286 silly mapToRegistry uri https://registry.npmjs.org/parseurl
287 silly mapToRegistry name path-to-regexp
288 silly mapToRegistry using default registry
289 silly mapToRegistry registry https://registry.npmjs.org/
290 silly mapToRegistry uri https://registry.npmjs.org/path-to-regexp
291 silly mapToRegistry name proxy-addr
292 silly mapToRegistry using default registry
293 silly mapToRegistry registry https://registry.npmjs.org/
294 silly mapToRegistry uri https://registry.npmjs.org/proxy-addr
295 silly mapToRegistry name qs
296 silly mapToRegistry using default registry
297 silly mapToRegistry registry https://registry.npmjs.org/
298 silly mapToRegistry uri https://registry.npmjs.org/qs
299 silly mapToRegistry name range-parser
300 silly mapToRegistry using default registry
301 silly mapToRegistry registry https://registry.npmjs.org/
302 silly mapToRegistry uri https://registry.npmjs.org/range-parser
303 silly mapToRegistry name send
304 silly mapToRegistry using default registry
305 silly mapToRegistry registry https://registry.npmjs.org/
306 silly mapToRegistry uri https://registry.npmjs.org/send
307 silly mapToRegistry name serve-static
308 silly mapToRegistry using default registry
309 silly mapToRegistry registry https://registry.npmjs.org/
310 silly mapToRegistry uri https://registry.npmjs.org/serve-static
311 silly mapToRegistry name type-is
312 silly mapToRegistry using default registry
313 silly mapToRegistry registry https://registry.npmjs.org/
314 silly mapToRegistry uri https://registry.npmjs.org/type-is
315 silly mapToRegistry name vary
316 silly mapToRegistry using default registry
317 silly mapToRegistry registry https://registry.npmjs.org/
318 silly mapToRegistry uri https://registry.npmjs.org/vary
319 silly mapToRegistry name utils-merge
320 silly mapToRegistry using default registry
321 silly mapToRegistry registry https://registry.npmjs.org/
322 silly mapToRegistry uri https://registry.npmjs.org/utils-merge
323 verbose get https://registry.npmjs.org/cookie-signature not expired, no request
324 verbose get https://registry.npmjs.org/cookie not expired, no request
325 verbose get https://registry.npmjs.org/debug not expired, no request
326 verbose get https://registry.npmjs.org/depd not expired, no request
327 verbose request uri https://registry.npmjs.org/content-disposition
328 verbose request no auth needed
329 info attempt registry request try #1 at 10:58:54 AM
330 verbose etag "4HK9PDK1U2Z136SHOZ9FNPE0L"
331 http request GET https://registry.npmjs.org/content-disposition
332 verbose request uri https://registry.npmjs.org/content-type
333 verbose request no auth needed
334 info attempt registry request try #1 at 10:58:54 AM
335 verbose etag "8O24AGWIP2HNNPS49I8AYDZS8"
336 http request GET https://registry.npmjs.org/content-type
337 verbose request uri https://registry.npmjs.org/escape-html
338 verbose request no auth needed
339 info attempt registry request try #1 at 10:58:54 AM
340 verbose etag "ED3LPOW7S4HQNMWWG0O9E3QBX"
341 http request GET https://registry.npmjs.org/escape-html
342 verbose request uri https://registry.npmjs.org/accepts
343 verbose request no auth needed
344 info attempt registry request try #1 at 10:58:54 AM
345 verbose etag "7ALE7SQGEM4CZN3M8HLUR832L"
346 http request GET https://registry.npmjs.org/accepts
347 verbose request uri https://registry.npmjs.org/finalhandler
348 verbose request no auth needed
349 info attempt registry request try #1 at 10:58:54 AM
350 verbose etag "4MVN5F4CQUB8MM36LEJJJR5I7"
351 http request GET https://registry.npmjs.org/finalhandler
352 verbose request uri https://registry.npmjs.org/etag
353 verbose request no auth needed
354 info attempt registry request try #1 at 10:58:54 AM
355 verbose etag "7W38Y0FULW5G31WX5KWHUZVCM"
356 http request GET https://registry.npmjs.org/etag
357 verbose request uri https://registry.npmjs.org/merge-descriptors
358 verbose request no auth needed
359 info attempt registry request try #1 at 10:58:54 AM
360 verbose etag "21I5UON7XT8G7C2VCVADE62VI"
361 http request GET https://registry.npmjs.org/merge-descriptors
362 verbose request uri https://registry.npmjs.org/fresh
363 verbose request no auth needed
364 info attempt registry request try #1 at 10:58:54 AM
365 verbose etag "7K1A0D553XTFNNA6FXWM012NY"
366 http request GET https://registry.npmjs.org/fresh
367 verbose get https://registry.npmjs.org/on-finished not expired, no request
368 verbose request uri https://registry.npmjs.org/methods
369 verbose request no auth needed
370 info attempt registry request try #1 at 10:58:54 AM
371 verbose etag "CPUAO15XMGVV4PHDMFKSL0TO3"
372 http request GET https://registry.npmjs.org/methods
373 verbose request uri https://registry.npmjs.org/parseurl
374 verbose request no auth needed
375 info attempt registry request try #1 at 10:58:54 AM
376 verbose etag "4ERHK127ARUBN29AIXZ2S012E"
377 http request GET https://registry.npmjs.org/parseurl
378 verbose request uri https://registry.npmjs.org/path-to-regexp
379 verbose request no auth needed
380 info attempt registry request try #1 at 10:58:54 AM
381 verbose etag "6SJYAWUQFI4XDFAZ4KE20LVF6"
382 http request GET https://registry.npmjs.org/path-to-regexp
383 verbose request uri https://registry.npmjs.org/proxy-addr
384 verbose request no auth needed
385 info attempt registry request try #1 at 10:58:54 AM
386 verbose etag "1CCO9XMT6L3WYC4ICOYFRZ9PY"
387 http request GET https://registry.npmjs.org/proxy-addr
388 verbose request uri https://registry.npmjs.org/range-parser
389 verbose request no auth needed
390 info attempt registry request try #1 at 10:58:54 AM
391 verbose etag "3LNMXDEPINP8BRLYF8TQXB0MC"
392 http request GET https://registry.npmjs.org/range-parser
393 verbose request uri https://registry.npmjs.org/qs
394 verbose request no auth needed
395 info attempt registry request try #1 at 10:58:54 AM
396 verbose etag "BR3UOERP2LK3925XEE368N4PU"
397 http request GET https://registry.npmjs.org/qs
398 verbose request uri https://registry.npmjs.org/serve-static
399 verbose request no auth needed
400 info attempt registry request try #1 at 10:58:54 AM
401 verbose etag "EHTYOFCSHJK9563YZETBUZENU"
402 http request GET https://registry.npmjs.org/serve-static
403 verbose request uri https://registry.npmjs.org/send
404 verbose request no auth needed
405 info attempt registry request try #1 at 10:58:54 AM
406 verbose etag "5I7M5P0NP65XHENDA7UZH76WJ"
407 http request GET https://registry.npmjs.org/send
408 verbose request uri https://registry.npmjs.org/utils-merge
409 verbose request no auth needed
410 info attempt registry request try #1 at 10:58:54 AM
411 verbose etag "661YC7D1JLGJPY3Y8F4VKK5N9"
412 http request GET https://registry.npmjs.org/utils-merge
413 verbose request uri https://registry.npmjs.org/vary
414 verbose request no auth needed
415 info attempt registry request try #1 at 10:58:54 AM
416 verbose etag "82C8BQ32VW3XZ8BHZ48ACKMY0"
417 http request GET https://registry.npmjs.org/vary
418 verbose request uri https://registry.npmjs.org/type-is
419 verbose request no auth needed
420 info attempt registry request try #1 at 10:58:54 AM
421 verbose etag "8SX6D9BKR10WTGF3IW73K4LJF"
422 http request GET https://registry.npmjs.org/type-is
423 silly mapToRegistry name ee-first
424 silly mapToRegistry using default registry
425 silly mapToRegistry registry https://registry.npmjs.org/
426 silly mapToRegistry uri https://registry.npmjs.org/ee-first
427 verbose get https://registry.npmjs.org/ee-first not expired, no request
428 http 304 https://registry.npmjs.org/accepts
429 silly get cb [ 304,
429 silly get   { date: 'Thu, 16 Apr 2015 14:58:51 GMT',
429 silly get     server: 'Apache',
429 silly get     via: '1.1 varnish',
429 silly get     'last-modified': 'Thu, 16 Apr 2015 14:58:13 GMT',
429 silly get     'cache-control': 'max-age=60',
429 silly get     etag: '"7ALE7SQGEM4CZN3M8HLUR832L"',
429 silly get     age: '41',
429 silly get     'x-served-by': 'cache-dfw1834-DFW',
429 silly get     'x-cache': 'HIT',
429 silly get     'x-cache-hits': '2',
429 silly get     'x-timer': 'S1429196331.777769,VS0,VE0',
429 silly get     vary: 'Accept',
429 silly get     'content-length': '0',
429 silly get     'keep-alive': 'timeout=10, max=50',
429 silly get     connection: 'Keep-Alive' } ]
430 verbose etag https://registry.npmjs.org/accepts from cache
431 verbose get saving accepts to /Users/teresalee/.npm/registry.npmjs.org/accepts/.cache.json
432 http 304 https://registry.npmjs.org/merge-descriptors
433 silly get cb [ 304,
433 silly get   { date: 'Thu, 16 Apr 2015 14:58:51 GMT',
433 silly get     server: 'Apache',
433 silly get     via: '1.1 varnish',
433 silly get     'last-modified': 'Thu, 16 Apr 2015 14:58:48 GMT',
433 silly get     'cache-control': 'max-age=60',
433 silly get     etag: '"21I5UON7XT8G7C2VCVADE62VI"',
433 silly get     age: '25',
433 silly get     'x-served-by': 'cache-dfw1835-DFW',
433 silly get     'x-cache': 'HIT',
433 silly get     'x-cache-hits': '2',
433 silly get     'x-timer': 'S1429196331.774841,VS0,VE0',
433 silly get     vary: 'Accept',
433 silly get     'content-length': '0',
433 silly get     'keep-alive': 'timeout=10, max=50',
433 silly get     connection: 'Keep-Alive' } ]
434 verbose etag https://registry.npmjs.org/merge-descriptors from cache
435 verbose get saving merge-descriptors to /Users/teresalee/.npm/registry.npmjs.org/merge-descriptors/.cache.json
436 http 304 https://registry.npmjs.org/content-disposition
437 silly get cb [ 304,
437 silly get   { date: 'Thu, 16 Apr 2015 14:58:51 GMT',
437 silly get     server: 'Apache',
437 silly get     via: '1.1 varnish',
437 silly get     'last-modified': 'Thu, 16 Apr 2015 14:58:51 GMT',
437 silly get     'cache-control': 'max-age=60',
437 silly get     etag: '"4HK9PDK1U2Z136SHOZ9FNPE0L"',
437 silly get     age: '25',
437 silly get     'x-served-by': 'cache-dfw1824-DFW',
437 silly get     'x-cache': 'HIT',
437 silly get     'x-cache-hits': '1',
437 silly get     'x-timer': 'S1429196331.777204,VS0,VE0',
437 silly get     vary: 'Accept',
437 silly get     'content-length': '0',
437 silly get     'keep-alive': 'timeout=10, max=50',
437 silly get     connection: 'Keep-Alive' } ]
438 verbose etag https://registry.npmjs.org/content-disposition from cache
439 verbose get saving content-disposition to /Users/teresalee/.npm/registry.npmjs.org/content-disposition/.cache.json
440 http 304 https://registry.npmjs.org/content-type
441 silly get cb [ 304,
441 silly get   { date: 'Thu, 16 Apr 2015 14:58:51 GMT',
441 silly get     server: 'Apache',
441 silly get     via: '1.1 varnish',
441 silly get     'last-modified': 'Thu, 16 Apr 2015 14:58:51 GMT',
441 silly get     'cache-control': 'max-age=60',
441 silly get     etag: '"8O24AGWIP2HNNPS49I8AYDZS8"',
441 silly get     age: '44',
441 silly get     'x-served-by': 'cache-dfw1832-DFW',
441 silly get     'x-cache': 'HIT',
441 silly get     'x-cache-hits': '1',
441 silly get     'x-timer': 'S1429196331.776606,VS0,VE0',
441 silly get     vary: 'Accept',
441 silly get     'content-length': '0',
441 silly get     'keep-alive': 'timeout=10, max=50',
441 silly get     connection: 'Keep-Alive' } ]
442 verbose etag https://registry.npmjs.org/content-type from cache
443 verbose get saving content-type to /Users/teresalee/.npm/registry.npmjs.org/content-type/.cache.json
444 http 304 https://registry.npmjs.org/escape-html
445 silly get cb [ 304,
445 silly get   { date: 'Thu, 16 Apr 2015 14:58:51 GMT',
445 silly get     server: 'Apache',
445 silly get     via: '1.1 varnish',
445 silly get     'last-modified': 'Thu, 16 Apr 2015 14:42:23 GMT',
445 silly get     'cache-control': 'max-age=60',
445 silly get     etag: '"ED3LPOW7S4HQNMWWG0O9E3QBX"',
445 silly get     age: '25',
445 silly get     'x-served-by': 'cache-dfw1821-DFW',
445 silly get     'x-cache': 'HIT',
445 silly get     'x-cache-hits': '135',
445 silly get     'x-timer': 'S1429196331.781865,VS0,VE0',
445 silly get     vary: 'Accept',
445 silly get     'content-length': '0',
445 silly get     'keep-alive': 'timeout=10, max=50',
445 silly get     connection: 'Keep-Alive' } ]
446 verbose etag https://registry.npmjs.org/escape-html from cache
447 verbose get saving escape-html to /Users/teresalee/.npm/registry.npmjs.org/escape-html/.cache.json
448 http 304 https://registry.npmjs.org/finalhandler
449 silly get cb [ 304,
449 silly get   { date: 'Thu, 16 Apr 2015 14:58:51 GMT',
449 silly get     server: 'Apache',
449 silly get     via: '1.1 varnish',
449 silly get     'last-modified': 'Thu, 16 Apr 2015 14:58:28 GMT',
449 silly get     'cache-control': 'max-age=60',
449 silly get     etag: '"4MVN5F4CQUB8MM36LEJJJR5I7"',
449 silly get     age: '23',
449 silly get     'x-served-by': 'cache-dfw1832-DFW',
449 silly get     'x-cache': 'HIT',
449 silly get     'x-cache-hits': '2',
449 silly get     'x-timer': 'S1429196331.784595,VS0,VE0',
449 silly get     vary: 'Accept',
449 silly get     'content-length': '0',
449 silly get     'keep-alive': 'timeout=10, max=50',
449 silly get     connection: 'Keep-Alive' } ]
450 verbose etag https://registry.npmjs.org/finalhandler from cache
451 verbose get saving finalhandler to /Users/teresalee/.npm/registry.npmjs.org/finalhandler/.cache.json
452 http 304 https://registry.npmjs.org/methods
453 silly get cb [ 304,
453 silly get   { date: 'Thu, 16 Apr 2015 14:58:51 GMT',
453 silly get     server: 'Apache',
453 silly get     via: '1.1 varnish',
453 silly get     'last-modified': 'Thu, 16 Apr 2015 14:58:51 GMT',
453 silly get     'cache-control': 'max-age=60',
453 silly get     etag: '"CPUAO15XMGVV4PHDMFKSL0TO3"',
453 silly get     age: '41',
453 silly get     'x-served-by': 'cache-dfw1829-DFW',
453 silly get     'x-cache': 'HIT',
453 silly get     'x-cache-hits': '1',
453 silly get     'x-timer': 'S1429196331.782635,VS0,VE0',
453 silly get     vary: 'Accept',
453 silly get     'content-length': '0',
453 silly get     'keep-alive': 'timeout=10, max=50',
453 silly get     connection: 'Keep-Alive' } ]
454 verbose etag https://registry.npmjs.org/methods from cache
455 verbose get saving methods to /Users/teresalee/.npm/registry.npmjs.org/methods/.cache.json
456 http 304 https://registry.npmjs.org/etag
457 silly get cb [ 304,
457 silly get   { date: 'Thu, 16 Apr 2015 14:58:51 GMT',
457 silly get     server: 'Apache',
457 silly get     via: '1.1 varnish',
457 silly get     'last-modified': 'Thu, 16 Apr 2015 14:58:20 GMT',
457 silly get     'cache-control': 'max-age=60',
457 silly get     etag: '"7W38Y0FULW5G31WX5KWHUZVCM"',
457 silly get     age: '41',
457 silly get     'x-served-by': 'cache-dfw1833-DFW',
457 silly get     'x-cache': 'HIT',
457 silly get     'x-cache-hits': '2',
457 silly get     'x-timer': 'S1429196331.783867,VS0,VE0',
457 silly get     vary: 'Accept',
457 silly get     'content-length': '0',
457 silly get     'keep-alive': 'timeout=10, max=50',
457 silly get     connection: 'Keep-Alive' } ]
458 verbose etag https://registry.npmjs.org/etag from cache
459 verbose get saving etag to /Users/teresalee/.npm/registry.npmjs.org/etag/.cache.json
460 http 304 https://registry.npmjs.org/fresh
461 silly get cb [ 304,
461 silly get   { date: 'Thu, 16 Apr 2015 14:58:51 GMT',
461 silly get     server: 'Apache',
461 silly get     via: '1.1 varnish',
461 silly get     'last-modified': 'Thu, 16 Apr 2015 14:58:07 GMT',
461 silly get     'cache-control': 'max-age=60',
461 silly get     etag: '"7K1A0D553XTFNNA6FXWM012NY"',
461 silly get     age: '45',
461 silly get     'x-served-by': 'cache-dfw1829-DFW',
461 silly get     'x-cache': 'HIT',
461 silly get     'x-cache-hits': '3',
461 silly get     'x-timer': 'S1429196331.783728,VS0,VE0',
461 silly get     vary: 'Accept',
461 silly get     'content-length': '0',
461 silly get     'keep-alive': 'timeout=10, max=50',
461 silly get     connection: 'Keep-Alive' } ]
462 verbose etag https://registry.npmjs.org/fresh from cache
463 verbose get saving fresh to /Users/teresalee/.npm/registry.npmjs.org/fresh/.cache.json
464 http 304 https://registry.npmjs.org/path-to-regexp
465 silly get cb [ 304,
465 silly get   { date: 'Thu, 16 Apr 2015 14:58:51 GMT',
465 silly get     server: 'Apache',
465 silly get     via: '1.1 varnish',
465 silly get     'last-modified': 'Thu, 16 Apr 2015 14:58:51 GMT',
465 silly get     'cache-control': 'max-age=60',
465 silly get     etag: '"6SJYAWUQFI4XDFAZ4KE20LVF6"',
465 silly get     age: '25',
465 silly get     'x-served-by': 'cache-dfw1828-DFW',
465 silly get     'x-cache': 'HIT',
465 silly get     'x-cache-hits': '1',
465 silly get     'x-timer': 'S1429196331.786573,VS0,VE0',
465 silly get     vary: 'Accept',
465 silly get     'content-length': '0',
465 silly get     'keep-alive': 'timeout=10, max=50',
465 silly get     connection: 'Keep-Alive' } ]
466 verbose etag https://registry.npmjs.org/path-to-regexp from cache
467 verbose get saving path-to-regexp to /Users/teresalee/.npm/registry.npmjs.org/path-to-regexp/.cache.json
468 http 304 https://registry.npmjs.org/send
469 silly get cb [ 304,
469 silly get   { date: 'Thu, 16 Apr 2015 14:58:51 GMT',
469 silly get     server: 'Apache',
469 silly get     via: '1.1 varnish',
469 silly get     'last-modified': 'Thu, 16 Apr 2015 14:58:40 GMT',
469 silly get     'cache-control': 'max-age=60',
469 silly get     etag: '"5I7M5P0NP65XHENDA7UZH76WJ"',
469 silly get     age: '41',
469 silly get     'x-served-by': 'cache-dfw1829-DFW',
469 silly get     'x-cache': 'HIT',
469 silly get     'x-cache-hits': '2',
469 silly get     'x-timer': 'S1429196331.784907,VS0,VE0',
469 silly get     vary: 'Accept',
469 silly get     'content-length': '0',
469 silly get     'keep-alive': 'timeout=10, max=50',
469 silly get     connection: 'Keep-Alive' } ]
470 verbose etag https://registry.npmjs.org/send from cache
471 verbose get saving send to /Users/teresalee/.npm/registry.npmjs.org/send/.cache.json
472 http 304 https://registry.npmjs.org/proxy-addr
473 silly get cb [ 304,
473 silly get   { date: 'Thu, 16 Apr 2015 14:58:51 GMT',
473 silly get     server: 'Apache',
473 silly get     via: '1.1 varnish',
473 silly get     'last-modified': 'Thu, 16 Apr 2015 14:46:36 GMT',
473 silly get     'cache-control': 'max-age=60',
473 silly get     etag: '"1CCO9XMT6L3WYC4ICOYFRZ9PY"',
473 silly get     age: '25',
473 silly get     'x-served-by': 'cache-dfw1824-DFW',
473 silly get     'x-cache': 'HIT',
473 silly get     'x-cache-hits': '67',
473 silly get     'x-timer': 'S1429196331.787362,VS0,VE0',
473 silly get     vary: 'Accept',
473 silly get     'content-length': '0',
473 silly get     'keep-alive': 'timeout=10, max=50',
473 silly get     connection: 'Keep-Alive' } ]
474 verbose etag https://registry.npmjs.org/proxy-addr from cache
475 verbose get saving proxy-addr to /Users/teresalee/.npm/registry.npmjs.org/proxy-addr/.cache.json
476 http 304 https://registry.npmjs.org/vary
477 silly get cb [ 304,
477 silly get   { date: 'Thu, 16 Apr 2015 14:58:51 GMT',
477 silly get     server: 'Apache',
477 silly get     via: '1.1 varnish',
477 silly get     'last-modified': 'Thu, 16 Apr 2015 14:42:23 GMT',
477 silly get     'cache-control': 'max-age=60',
477 silly get     etag: '"82C8BQ32VW3XZ8BHZ48ACKMY0"',
477 silly get     age: '41',
477 silly get     'x-served-by': 'cache-dfw1828-DFW',
477 silly get     'x-cache': 'HIT',
477 silly get     'x-cache-hits': '142',
477 silly get     'x-timer': 'S1429196331.787736,VS0,VE0',
477 silly get     vary: 'Accept',
477 silly get     'content-length': '0',
477 silly get     'keep-alive': 'timeout=10, max=50',
477 silly get     connection: 'Keep-Alive' } ]
478 verbose etag https://registry.npmjs.org/vary from cache
479 verbose get saving vary to /Users/teresalee/.npm/registry.npmjs.org/vary/.cache.json
480 http 304 https://registry.npmjs.org/serve-static
481 silly get cb [ 304,
481 silly get   { date: 'Thu, 16 Apr 2015 14:58:51 GMT',
481 silly get     server: 'Apache',
481 silly get     via: '1.1 varnish',
481 silly get     'last-modified': 'Thu, 16 Apr 2015 14:58:41 GMT',
481 silly get     'cache-control': 'max-age=60',
481 silly get     etag: '"EHTYOFCSHJK9563YZETBUZENU"',
481 silly get     age: '25',
481 silly get     'x-served-by': 'cache-dfw1827-DFW',
481 silly get     'x-cache': 'HIT',
481 silly get     'x-cache-hits': '2',
481 silly get     'x-timer': 'S1429196331.786387,VS0,VE0',
481 silly get     vary: 'Accept',
481 silly get     'content-length': '0',
481 silly get     'keep-alive': 'timeout=10, max=50',
481 silly get     connection: 'Keep-Alive' } ]
482 verbose etag https://registry.npmjs.org/serve-static from cache
483 verbose get saving serve-static to /Users/teresalee/.npm/registry.npmjs.org/serve-static/.cache.json
484 http 304 https://registry.npmjs.org/utils-merge
485 silly get cb [ 304,
485 silly get   { date: 'Thu, 16 Apr 2015 14:58:51 GMT',
485 silly get     server: 'Apache',
485 silly get     via: '1.1 varnish',
485 silly get     'last-modified': 'Thu, 16 Apr 2015 14:58:26 GMT',
485 silly get     'cache-control': 'max-age=60',
485 silly get     etag: '"661YC7D1JLGJPY3Y8F4VKK5N9"',
485 silly get     age: '25',
485 silly get     'x-served-by': 'cache-dfw1827-DFW',
485 silly get     'x-cache': 'HIT',
485 silly get     'x-cache-hits': '6',
485 silly get     'x-timer': 'S1429196331.786387,VS0,VE0',
485 silly get     vary: 'Accept',
485 silly get     'content-length': '0',
485 silly get     'keep-alive': 'timeout=10, max=50',
485 silly get     connection: 'Keep-Alive' } ]
486 verbose etag https://registry.npmjs.org/utils-merge from cache
487 verbose get saving utils-merge to /Users/teresalee/.npm/registry.npmjs.org/utils-merge/.cache.json
488 http 304 https://registry.npmjs.org/range-parser
489 silly get cb [ 304,
489 silly get   { date: 'Thu, 16 Apr 2015 14:58:51 GMT',
489 silly get     server: 'Apache',
489 silly get     via: '1.1 varnish',
489 silly get     'last-modified': 'Thu, 16 Apr 2015 14:58:51 GMT',
489 silly get     'cache-control': 'max-age=60',
489 silly get     etag: '"3LNMXDEPINP8BRLYF8TQXB0MC"',
489 silly get     age: '9',
489 silly get     'x-served-by': 'cache-dfw1829-DFW',
489 silly get     'x-cache': 'HIT',
489 silly get     'x-cache-hits': '1',
489 silly get     'x-timer': 'S1429196331.784812,VS0,VE0',
489 silly get     vary: 'Accept',
489 silly get     'content-length': '0',
489 silly get     'keep-alive': 'timeout=10, max=50',
489 silly get     connection: 'Keep-Alive' } ]
490 verbose etag https://registry.npmjs.org/range-parser from cache
491 verbose get saving range-parser to /Users/teresalee/.npm/registry.npmjs.org/range-parser/.cache.json
492 http 304 https://registry.npmjs.org/type-is
493 silly get cb [ 304,
493 silly get   { date: 'Thu, 16 Apr 2015 14:58:51 GMT',
493 silly get     server: 'Apache',
493 silly get     via: '1.1 varnish',
493 silly get     'last-modified': 'Thu, 16 Apr 2015 14:58:51 GMT',
493 silly get     'cache-control': 'max-age=60',
493 silly get     etag: '"8SX6D9BKR10WTGF3IW73K4LJF"',
493 silly get     age: '9',
493 silly get     'x-served-by': 'cache-dfw1820-DFW',
493 silly get     'x-cache': 'HIT',
493 silly get     'x-cache-hits': '1',
493 silly get     'x-timer': 'S1429196331.785387,VS0,VE0',
493 silly get     vary: 'Accept',
493 silly get     'content-length': '0',
493 silly get     'keep-alive': 'timeout=10, max=50',
493 silly get     connection: 'Keep-Alive' } ]
494 verbose etag https://registry.npmjs.org/type-is from cache
495 verbose get saving type-is to /Users/teresalee/.npm/registry.npmjs.org/type-is/.cache.json
496 silly mapToRegistry name debug
497 silly mapToRegistry using default registry
498 silly mapToRegistry registry https://registry.npmjs.org/
499 silly mapToRegistry uri https://registry.npmjs.org/debug
500 silly mapToRegistry name escape-html
501 silly mapToRegistry using default registry
502 silly mapToRegistry registry https://registry.npmjs.org/
503 silly mapToRegistry uri https://registry.npmjs.org/escape-html
504 silly mapToRegistry name on-finished
505 silly mapToRegistry using default registry
506 silly mapToRegistry registry https://registry.npmjs.org/
507 silly mapToRegistry uri https://registry.npmjs.org/on-finished
508 silly mapToRegistry name escape-html
509 silly mapToRegistry using default registry
510 silly mapToRegistry registry https://registry.npmjs.org/
511 silly mapToRegistry uri https://registry.npmjs.org/escape-html
512 silly mapToRegistry name parseurl
513 silly mapToRegistry using default registry
514 silly mapToRegistry registry https://registry.npmjs.org/
515 silly mapToRegistry uri https://registry.npmjs.org/parseurl
516 silly mapToRegistry name send
517 silly mapToRegistry using default registry
518 silly mapToRegistry registry https://registry.npmjs.org/
519 silly mapToRegistry uri https://registry.npmjs.org/send
520 silly mapToRegistry name utils-merge
521 silly mapToRegistry using default registry
522 silly mapToRegistry registry https://registry.npmjs.org/
523 silly mapToRegistry uri https://registry.npmjs.org/utils-merge
524 verbose get https://registry.npmjs.org/escape-html not expired, no request
525 verbose get https://registry.npmjs.org/debug not expired, no request
526 verbose get https://registry.npmjs.org/on-finished not expired, no request
527 verbose get https://registry.npmjs.org/escape-html not expired, no request
528 verbose request uri https://registry.npmjs.org/parseurl
529 verbose request no auth needed
530 info attempt registry request try #1 at 10:58:55 AM
531 verbose etag "4ERHK127ARUBN29AIXZ2S012E"
532 http request GET https://registry.npmjs.org/parseurl
533 verbose get https://registry.npmjs.org/utils-merge not expired, no request
534 verbose get https://registry.npmjs.org/send not expired, no request
535 silly mapToRegistry name crc
536 silly mapToRegistry using default registry
537 silly mapToRegistry registry https://registry.npmjs.org/
538 silly mapToRegistry uri https://registry.npmjs.org/crc
539 silly mapToRegistry name forwarded
540 silly mapToRegistry using default registry
541 silly mapToRegistry registry https://registry.npmjs.org/
542 silly mapToRegistry uri https://registry.npmjs.org/forwarded
543 silly mapToRegistry name ipaddr.js
544 silly mapToRegistry using default registry
545 silly mapToRegistry registry https://registry.npmjs.org/
546 silly mapToRegistry uri https://registry.npmjs.org/ipaddr.js
547 silly mapToRegistry name debug
548 silly mapToRegistry using default registry
549 silly mapToRegistry registry https://registry.npmjs.org/
550 silly mapToRegistry uri https://registry.npmjs.org/debug
551 silly mapToRegistry name depd
552 silly mapToRegistry using default registry
553 silly mapToRegistry registry https://registry.npmjs.org/
554 silly mapToRegistry uri https://registry.npmjs.org/depd
555 silly mapToRegistry name destroy
556 silly mapToRegistry using default registry
557 silly mapToRegistry registry https://registry.npmjs.org/
558 silly mapToRegistry uri https://registry.npmjs.org/destroy
559 silly mapToRegistry name escape-html
560 silly mapToRegistry using default registry
561 silly mapToRegistry registry https://registry.npmjs.org/
562 silly mapToRegistry uri https://registry.npmjs.org/escape-html
563 silly mapToRegistry name etag
564 silly mapToRegistry using default registry
565 silly mapToRegistry registry https://registry.npmjs.org/
566 silly mapToRegistry uri https://registry.npmjs.org/etag
567 silly mapToRegistry name fresh
568 silly mapToRegistry using default registry
569 silly mapToRegistry registry https://registry.npmjs.org/
570 silly mapToRegistry uri https://registry.npmjs.org/fresh
571 silly mapToRegistry name mime
572 silly mapToRegistry using default registry
573 silly mapToRegistry registry https://registry.npmjs.org/
574 silly mapToRegistry uri https://registry.npmjs.org/mime
575 silly mapToRegistry name ms
576 silly mapToRegistry using default registry
577 silly mapToRegistry registry https://registry.npmjs.org/
578 silly mapToRegistry uri https://registry.npmjs.org/ms
579 silly mapToRegistry name on-finished
580 silly mapToRegistry using default registry
581 silly mapToRegistry registry https://registry.npmjs.org/
582 silly mapToRegistry uri https://registry.npmjs.org/on-finished
583 silly mapToRegistry name range-parser
584 silly mapToRegistry using default registry
585 silly mapToRegistry registry https://registry.npmjs.org/
586 silly mapToRegistry uri https://registry.npmjs.org/range-parser
587 verbose request uri https://registry.npmjs.org/crc
588 verbose request no auth needed
589 info attempt registry request try #1 at 10:58:55 AM
590 verbose etag "9KLHMWPTPD5YTV8S7DC5G1ODQ"
591 http request GET https://registry.npmjs.org/crc
592 verbose request uri https://registry.npmjs.org/forwarded
593 verbose request no auth needed
594 info attempt registry request try #1 at 10:58:55 AM
595 verbose etag "37C9KUUCDQITWEE3K2LHBV4TK"
596 http request GET https://registry.npmjs.org/forwarded
597 verbose get https://registry.npmjs.org/debug not expired, no request
598 verbose get https://registry.npmjs.org/depd not expired, no request
599 verbose get https://registry.npmjs.org/escape-html not expired, no request
600 verbose get https://registry.npmjs.org/etag not expired, no request
601 verbose get https://registry.npmjs.org/fresh not expired, no request
602 verbose request uri https://registry.npmjs.org/ipaddr.js
603 verbose request no auth needed
604 info attempt registry request try #1 at 10:58:55 AM
605 verbose etag "4VAM8D51JA4NSXTO9Y9ILMWF1"
606 http request GET https://registry.npmjs.org/ipaddr.js
607 verbose get https://registry.npmjs.org/ms not expired, no request
608 verbose get https://registry.npmjs.org/on-finished not expired, no request
609 verbose request uri https://registry.npmjs.org/destroy
610 verbose request no auth needed
611 info attempt registry request try #1 at 10:58:55 AM
612 verbose etag "9IP2CCOQSKNSZL557UODSGT2O"
613 http request GET https://registry.npmjs.org/destroy
614 verbose get https://registry.npmjs.org/range-parser not expired, no request
615 verbose request uri https://registry.npmjs.org/mime
616 verbose request no auth needed
617 info attempt registry request try #1 at 10:58:55 AM
618 verbose etag "6I1IDSQK4YLTHK5UQD5Q0EOM1"
619 http request GET https://registry.npmjs.org/mime
620 silly mapToRegistry name mime-types
621 silly mapToRegistry using default registry
622 silly mapToRegistry registry https://registry.npmjs.org/
623 silly mapToRegistry uri https://registry.npmjs.org/mime-types
624 silly mapToRegistry name negotiator
625 silly mapToRegistry using default registry
626 silly mapToRegistry registry https://registry.npmjs.org/
627 silly mapToRegistry uri https://registry.npmjs.org/negotiator
628 silly mapToRegistry name media-typer
629 silly mapToRegistry using default registry
630 silly mapToRegistry registry https://registry.npmjs.org/
631 silly mapToRegistry uri https://registry.npmjs.org/media-typer
632 silly mapToRegistry name mime-types
633 silly mapToRegistry using default registry
634 silly mapToRegistry registry https://registry.npmjs.org/
635 silly mapToRegistry uri https://registry.npmjs.org/mime-types
636 verbose request uri https://registry.npmjs.org/mime-types
637 verbose request no auth needed
638 info attempt registry request try #1 at 10:58:55 AM
639 verbose etag "2UD29WV4CCDKNAMXCAH2CZH9M"
640 http request GET https://registry.npmjs.org/mime-types
641 verbose request uri https://registry.npmjs.org/negotiator
642 verbose request no auth needed
643 info attempt registry request try #1 at 10:58:55 AM
644 verbose etag "53RIZNIVB5F4590JTOWCRHI58"
645 http request GET https://registry.npmjs.org/negotiator
646 http 304 https://registry.npmjs.org/parseurl
647 silly get cb [ 304,
647 silly get   { date: 'Thu, 16 Apr 2015 14:58:51 GMT',
647 silly get     server: 'Apache',
647 silly get     via: '1.1 varnish',
647 silly get     'last-modified': 'Thu, 16 Apr 2015 14:58:51 GMT',
647 silly get     'cache-control': 'max-age=60',
647 silly get     etag: '"4ERHK127ARUBN29AIXZ2S012E"',
647 silly get     age: '36',
647 silly get     'x-served-by': 'cache-dfw1829-DFW',
647 silly get     'x-cache': 'HIT',
647 silly get     'x-cache-hits': '1',
647 silly get     'x-timer': 'S1429196331.869736,VS0,VE0',
647 silly get     vary: 'Accept',
647 silly get     'content-length': '0',
647 silly get     'keep-alive': 'timeout=10, max=50',
647 silly get     connection: 'Keep-Alive' } ]
648 verbose etag https://registry.npmjs.org/parseurl from cache
649 verbose get saving parseurl to /Users/teresalee/.npm/registry.npmjs.org/parseurl/.cache.json
650 verbose request uri https://registry.npmjs.org/mime-types
651 verbose request no auth needed
652 info attempt registry request try #1 at 10:58:55 AM
653 verbose etag "2UD29WV4CCDKNAMXCAH2CZH9M"
654 http request GET https://registry.npmjs.org/mime-types
655 verbose request uri https://registry.npmjs.org/media-typer
656 verbose request no auth needed
657 info attempt registry request try #1 at 10:58:55 AM
658 verbose etag "EBBA17SMBE80K6FCTCN6G8KK3"
659 http request GET https://registry.npmjs.org/media-typer
660 http 200 https://registry.npmjs.org/qs
661 silly get cb [ 200,
661 silly get   { date: 'Thu, 16 Apr 2015 14:58:51 GMT',
661 silly get     server: 'CouchDB/1.5.0 (Erlang OTP/R16B03)',
661 silly get     etag: '"FZKDB54TO2WOVTE4QPKCQFIR"',
661 silly get     'content-type': 'application/json',
661 silly get     'cache-control': 'max-age=60',
661 silly get     'content-length': '50381',
661 silly get     'accept-ranges': 'bytes',
661 silly get     via: '1.1 varnish',
661 silly get     age: '38',
661 silly get     'x-served-by': 'cache-dfw1823-DFW',
661 silly get     'x-cache': 'HIT',
661 silly get     'x-cache-hits': '3',
661 silly get     'x-timer': 'S1429196331.785313,VS0,VE0',
661 silly get     vary: 'Accept',
661 silly get     'keep-alive': 'timeout=10, max=50',
661 silly get     connection: 'Keep-Alive' } ]
662 verbose get saving qs to /Users/teresalee/.npm/registry.npmjs.org/qs/.cache.json
663 http 304 https://registry.npmjs.org/forwarded
664 silly get cb [ 304,
664 silly get   { date: 'Thu, 16 Apr 2015 14:58:51 GMT',
664 silly get     server: 'Apache',
664 silly get     via: '1.1 varnish',
664 silly get     'last-modified': 'Thu, 16 Apr 2015 14:58:29 GMT',
664 silly get     'cache-control': 'max-age=60',
664 silly get     etag: '"37C9KUUCDQITWEE3K2LHBV4TK"',
664 silly get     age: '23',
664 silly get     'x-served-by': 'cache-dfw1822-DFW',
664 silly get     'x-cache': 'HIT',
664 silly get     'x-cache-hits': '3',
664 silly get     'x-timer': 'S1429196331.998746,VS0,VE0',
664 silly get     vary: 'Accept',
664 silly get     'content-length': '0',
664 silly get     'keep-alive': 'timeout=10, max=50',
664 silly get     connection: 'Keep-Alive' } ]
665 verbose etag https://registry.npmjs.org/forwarded from cache
666 verbose get saving forwarded to /Users/teresalee/.npm/registry.npmjs.org/forwarded/.cache.json
667 http 304 https://registry.npmjs.org/crc
668 silly get cb [ 304,
668 silly get   { date: 'Thu, 16 Apr 2015 14:58:51 GMT',
668 silly get     server: 'Apache',
668 silly get     via: '1.1 varnish',
668 silly get     'last-modified': 'Thu, 16 Apr 2015 14:58:51 GMT',
668 silly get     'cache-control': 'max-age=60',
668 silly get     etag: '"9KLHMWPTPD5YTV8S7DC5G1ODQ"',
668 silly get     age: '37',
668 silly get     'x-served-by': 'cache-dfw1835-DFW',
668 silly get     'x-cache': 'HIT',
668 silly get     'x-cache-hits': '1',
668 silly get     'x-timer': 'S1429196331.998766,VS0,VE0',
668 silly get     vary: 'Accept',
668 silly get     'content-length': '0',
668 silly get     'keep-alive': 'timeout=10, max=50',
668 silly get     connection: 'Keep-Alive' } ]
669 verbose etag https://registry.npmjs.org/crc from cache
670 verbose get saving crc to /Users/teresalee/.npm/registry.npmjs.org/crc/.cache.json
671 http 304 https://registry.npmjs.org/destroy
672 silly get cb [ 304,
672 silly get   { date: 'Thu, 16 Apr 2015 14:58:52 GMT',
672 silly get     server: 'Apache',
672 silly get     via: '1.1 varnish',
672 silly get     'last-modified': 'Thu, 16 Apr 2015 14:58:42 GMT',
672 silly get     'cache-control': 'max-age=60',
672 silly get     etag: '"9IP2CCOQSKNSZL557UODSGT2O"',
672 silly get     age: '24',
672 silly get     'x-served-by': 'cache-dfw1831-DFW',
672 silly get     'x-cache': 'HIT',
672 silly get     'x-cache-hits': '2',
672 silly get     'x-timer': 'S1429196332.819650,VS0,VE0',
672 silly get     vary: 'Accept',
672 silly get     'content-length': '0',
672 silly get     'keep-alive': 'timeout=10, max=50',
672 silly get     connection: 'Keep-Alive' } ]
673 verbose etag https://registry.npmjs.org/destroy from cache
674 verbose get saving destroy to /Users/teresalee/.npm/registry.npmjs.org/destroy/.cache.json
675 http 304 https://registry.npmjs.org/ipaddr.js
676 silly get cb [ 304,
676 silly get   { date: 'Thu, 16 Apr 2015 14:58:52 GMT',
676 silly get     server: 'Apache',
676 silly get     via: '1.1 varnish',
676 silly get     'last-modified': 'Thu, 16 Apr 2015 14:58:52 GMT',
676 silly get     'cache-control': 'max-age=60',
676 silly get     etag: '"4VAM8D51JA4NSXTO9Y9ILMWF1"',
676 silly get     age: '15',
676 silly get     'x-served-by': 'cache-dfw1833-DFW',
676 silly get     'x-cache': 'HIT',
676 silly get     'x-cache-hits': '1',
676 silly get     'x-timer': 'S1429196332.820257,VS0,VE0',
676 silly get     vary: 'Accept',
676 silly get     'content-length': '0',
676 silly get     'keep-alive': 'timeout=10, max=50',
676 silly get     connection: 'Keep-Alive' } ]
677 verbose etag https://registry.npmjs.org/ipaddr.js from cache
678 verbose get saving ipaddr.js to /Users/teresalee/.npm/registry.npmjs.org/ipaddr.js/.cache.json
679 http 304 https://registry.npmjs.org/mime-types
680 silly get cb [ 304,
680 silly get   { date: 'Thu, 16 Apr 2015 14:58:52 GMT',
680 silly get     server: 'Apache',
680 silly get     via: '1.1 varnish',
680 silly get     'last-modified': 'Thu, 16 Apr 2015 14:58:18 GMT',
680 silly get     'cache-control': 'max-age=60',
680 silly get     etag: '"2UD29WV4CCDKNAMXCAH2CZH9M"',
680 silly get     age: '50',
680 silly get     'x-served-by': 'cache-dfw1826-DFW',
680 silly get     'x-cache': 'HIT',
680 silly get     'x-cache-hits': '4',
680 silly get     'x-timer': 'S1429196332.822003,VS0,VE0',
680 silly get     vary: 'Accept',
680 silly get     'content-length': '0',
680 silly get     'keep-alive': 'timeout=10, max=50',
680 silly get     connection: 'Keep-Alive' } ]
681 verbose etag https://registry.npmjs.org/mime-types from cache
682 verbose get saving mime-types to /Users/teresalee/.npm/registry.npmjs.org/mime-types/.cache.json
683 http 304 https://registry.npmjs.org/negotiator
684 silly get cb [ 304,
684 silly get   { date: 'Thu, 16 Apr 2015 14:58:52 GMT',
684 silly get     server: 'Apache',
684 silly get     via: '1.1 varnish',
684 silly get     'last-modified': 'Thu, 16 Apr 2015 14:58:23 GMT',
684 silly get     'cache-control': 'max-age=60',
684 silly get     etag: '"53RIZNIVB5F4590JTOWCRHI58"',
684 silly get     age: '40',
684 silly get     'x-served-by': 'cache-dfw1825-DFW',
684 silly get     'x-cache': 'HIT',
684 silly get     'x-cache-hits': '2',
684 silly get     'x-timer': 'S1429196332.820979,VS0,VE0',
684 silly get     vary: 'Accept',
684 silly get     'content-length': '0',
684 silly get     'keep-alive': 'timeout=10, max=50',
684 silly get     connection: 'Keep-Alive' } ]
685 verbose etag https://registry.npmjs.org/negotiator from cache
686 verbose get saving negotiator to /Users/teresalee/.npm/registry.npmjs.org/negotiator/.cache.json
687 http 304 https://registry.npmjs.org/media-typer
688 silly get cb [ 304,
688 silly get   { date: 'Thu, 16 Apr 2015 14:58:52 GMT',
688 silly get     server: 'Apache',
688 silly get     via: '1.1 varnish',
688 silly get     'last-modified': 'Thu, 16 Apr 2015 14:58:37 GMT',
688 silly get     'cache-control': 'max-age=60',
688 silly get     etag: '"EBBA17SMBE80K6FCTCN6G8KK3"',
688 silly get     age: '32',
688 silly get     'x-served-by': 'cache-dfw1827-DFW',
688 silly get     'x-cache': 'HIT',
688 silly get     'x-cache-hits': '2',
688 silly get     'x-timer': 'S1429196332.822039,VS0,VE0',
688 silly get     vary: 'Accept',
688 silly get     'content-length': '0',
688 silly get     'keep-alive': 'timeout=10, max=50',
688 silly get     connection: 'Keep-Alive' } ]
689 verbose etag https://registry.npmjs.org/media-typer from cache
690 verbose get saving media-typer to /Users/teresalee/.npm/registry.npmjs.org/media-typer/.cache.json
691 http 304 https://registry.npmjs.org/mime-types
692 silly get cb [ 304,
692 silly get   { date: 'Thu, 16 Apr 2015 14:58:52 GMT',
692 silly get     server: 'Apache',
692 silly get     via: '1.1 varnish',
692 silly get     'last-modified': 'Thu, 16 Apr 2015 14:58:03 GMT',
692 silly get     'cache-control': 'max-age=60',
692 silly get     etag: '"2UD29WV4CCDKNAMXCAH2CZH9M"',
692 silly get     age: '49',
692 silly get     'x-served-by': 'cache-dfw1820-DFW',
692 silly get     'x-cache': 'HIT',
692 silly get     'x-cache-hits': '7',
692 silly get     'x-timer': 'S1429196332.821061,VS0,VE0',
692 silly get     vary: 'Accept',
692 silly get     'content-length': '0',
692 silly get     'keep-alive': 'timeout=10, max=50',
692 silly get     connection: 'Keep-Alive' } ]
693 verbose etag https://registry.npmjs.org/mime-types from cache
694 verbose get saving mime-types to /Users/teresalee/.npm/registry.npmjs.org/mime-types/.cache.json
695 http 304 https://registry.npmjs.org/parseurl
696 silly get cb [ 304,
696 silly get   { date: 'Thu, 16 Apr 2015 14:58:52 GMT',
696 silly get     server: 'Apache',
696 silly get     via: '1.1 varnish',
696 silly get     'last-modified': 'Thu, 16 Apr 2015 14:58:52 GMT',
696 silly get     'cache-control': 'max-age=60',
696 silly get     etag: '"4ERHK127ARUBN29AIXZ2S012E"',
696 silly get     age: '37',
696 silly get     'x-served-by': 'cache-dfw1826-DFW',
696 silly get     'x-cache': 'HIT',
696 silly get     'x-cache-hits': '1',
696 silly get     'x-timer': 'S1429196332.822337,VS0,VE0',
696 silly get     vary: 'Accept',
696 silly get     'content-length': '0',
696 silly get     'keep-alive': 'timeout=10, max=50',
696 silly get     connection: 'Keep-Alive' } ]
697 verbose etag https://registry.npmjs.org/parseurl from cache
698 verbose get saving parseurl to /Users/teresalee/.npm/registry.npmjs.org/parseurl/.cache.json
699 silly mapToRegistry name mime-db
700 silly mapToRegistry using default registry
701 silly mapToRegistry registry https://registry.npmjs.org/
702 silly mapToRegistry uri https://registry.npmjs.org/mime-db
703 silly mapToRegistry name mime-db
704 silly mapToRegistry using default registry
705 silly mapToRegistry registry https://registry.npmjs.org/
706 silly mapToRegistry uri https://registry.npmjs.org/mime-db
707 verbose request uri https://registry.npmjs.org/mime-db
708 verbose request no auth needed
709 info attempt registry request try #1 at 10:58:56 AM
710 verbose etag "CI6F7J7BRZN3F49Q37TGTMVDJ"
711 http request GET https://registry.npmjs.org/mime-db
712 verbose request uri https://registry.npmjs.org/mime-db
713 verbose request no auth needed
714 info attempt registry request try #1 at 10:58:56 AM
715 verbose etag "CI6F7J7BRZN3F49Q37TGTMVDJ"
716 http request GET https://registry.npmjs.org/mime-db
717 http 200 https://registry.npmjs.org/mime
718 silly get cb [ 200,
718 silly get   { date: 'Thu, 16 Apr 2015 14:58:52 GMT',
718 silly get     server: 'CouchDB/1.5.0 (Erlang OTP/R16B03)',
718 silly get     etag: '"9949M47YQEPK6K1MEMUGYMUKX"',
718 silly get     'content-type': 'application/json',
718 silly get     'cache-control': 'max-age=60',
718 silly get     'content-length': '19767',
718 silly get     'accept-ranges': 'bytes',
718 silly get     via: '1.1 varnish',
718 silly get     age: '46',
718 silly get     'x-served-by': 'cache-dfw1828-DFW',
718 silly get     'x-cache': 'HIT',
718 silly get     'x-cache-hits': '3',
718 silly get     'x-timer': 'S1429196332.869605,VS0,VE0',
718 silly get     vary: 'Accept',
718 silly get     'keep-alive': 'timeout=10, max=50',
718 silly get     connection: 'Keep-Alive' } ]
719 verbose get saving mime to /Users/teresalee/.npm/registry.npmjs.org/mime/.cache.json
720 http 304 https://registry.npmjs.org/mime-db
721 silly get cb [ 304,
721 silly get   { date: 'Thu, 16 Apr 2015 14:58:52 GMT',
721 silly get     server: 'Apache',
721 silly get     via: '1.1 varnish',
721 silly get     'last-modified': 'Thu, 16 Apr 2015 14:58:40 GMT',
721 silly get     'cache-control': 'max-age=60',
721 silly get     etag: '"CI6F7J7BRZN3F49Q37TGTMVDJ"',
721 silly get     age: '27',
721 silly get     'x-served-by': 'cache-dfw1826-DFW',
721 silly get     'x-cache': 'HIT',
721 silly get     'x-cache-hits': '2',
721 silly get     'x-timer': 'S1429196332.992179,VS0,VE0',
721 silly get     vary: 'Accept',
721 silly get     'content-length': '0',
721 silly get     'keep-alive': 'timeout=10, max=50',
721 silly get     connection: 'Keep-Alive' } ]
722 verbose etag https://registry.npmjs.org/mime-db from cache
723 verbose get saving mime-db to /Users/teresalee/.npm/registry.npmjs.org/mime-db/.cache.json
724 http 304 https://registry.npmjs.org/mime-db
725 silly get cb [ 304,
725 silly get   { date: 'Thu, 16 Apr 2015 14:58:52 GMT',
725 silly get     server: 'Apache',
725 silly get     via: '1.1 varnish',
725 silly get     'last-modified': 'Thu, 16 Apr 2015 14:58:29 GMT',
725 silly get     'cache-control': 'max-age=60',
725 silly get     etag: '"CI6F7J7BRZN3F49Q37TGTMVDJ"',
725 silly get     age: '26',
725 silly get     'x-served-by': 'cache-dfw1831-DFW',
725 silly get     'x-cache': 'HIT',
725 silly get     'x-cache-hits': '4',
725 silly get     'x-timer': 'S1429196332.992591,VS0,VE0',
725 silly get     vary: 'Accept',
725 silly get     'content-length': '0',
725 silly get     'keep-alive': 'timeout=10, max=50',
725 silly get     connection: 'Keep-Alive' } ]
726 verbose etag https://registry.npmjs.org/mime-db from cache
727 verbose get saving mime-db to /Users/teresalee/.npm/registry.npmjs.org/mime-db/.cache.json
728 info outdated updating [ [ '/Users/teresalee/project2-backend',
728 info outdated     'garbage',
728 info outdated     undefined,
728 info outdated     '0.0.0',
728 info outdated     '0.0.0',
728 info outdated     '*' ],
728 info outdated   [ '/Users/teresalee/project2-backend',
728 info outdated     'body-parser',
728 info outdated     '1.12.2',
728 info outdated     '1.12.3',
728 info outdated     '1.12.3',
728 info outdated     '~1.12.0' ],
728 info outdated   [ '/Users/teresalee/project2-backend',
728 info outdated     'mongoose',
728 info outdated     '3.6.20',
728 info outdated     '3.6.20',
728 info outdated     '4.0.1',
728 info outdated     '~3.6.13' ],
728 info outdated   [ '/Users/teresalee/project2-backend/node_modules/express',
728 info outdated     'path-to-regexp',
728 info outdated     '0.1.3',
728 info outdated     '0.1.3',
728 info outdated     '1.0.3',
728 info outdated     '0.1.3' ],
728 info outdated   [ '/Users/teresalee/project2-backend/node_modules/express/node_modules/proxy-addr',
728 info outdated     'ipaddr.js',
728 info outdated     '0.1.9',
728 info outdated     '0.1.9',
728 info outdated     '1.0.1',
728 info outdated     '0.1.9' ] ]
729 verbose stack Error: No compatible version found: faker@'>=0.7.2 <0.8.0'
729 verbose stack Valid install targets:
729 verbose stack ["1.0.0","1.0.1","1.1.0","2.0.0","2.0.1","2.0.2","2.0.3","2.1.0","2.1.1","2.1.2"]
729 verbose stack
729 verbose stack     at installTargetsError (/usr/local/lib/node_modules/npm/lib/cache/add-named.js:259:12)
729 verbose stack     at next (/usr/local/lib/node_modules/npm/lib/cache/add-named.js:238:17)
729 verbose stack     at setData (/usr/local/lib/node_modules/npm/lib/cache/add-named.js:215:5)
729 verbose stack     at RES (/usr/local/lib/node_modules/npm/node_modules/inflight/inflight.js:23:14)
729 verbose stack     at f (/usr/local/lib/node_modules/npm/node_modules/once/once.js:17:25)
729 verbose stack     at CachingRegistryClient.get_ (/usr/local/lib/node_modules/npm/lib/cache/caching-client.js:125:16)
729 verbose stack     at /usr/local/lib/node_modules/npm/lib/cache/caching-client.js:91:14
729 verbose stack     at evalmachine.<anonymous>:336:14
729 verbose stack     at /usr/local/lib/node_modules/npm/node_modules/graceful-fs/graceful-fs.js:102:5
729 verbose stack     at FSReqWrap.oncomplete (evalmachine.<anonymous>:99:15)
730 verbose cwd /Users/teresalee/project2-backend
731 error Darwin 14.3.0
732 error argv "node" "/usr/local/bin/npm" "update" "--save"
733 error node v0.12.0
734 error npm  v2.5.1
735 error code ETARGET
736 error notarget No compatible version found: faker@'>=0.7.2 <0.8.0'
736 error notarget Valid install targets:
736 error notarget ["1.0.0","1.0.1","1.1.0","2.0.0","2.0.1","2.0.2","2.0.3","2.1.0","2.1.1","2.1.2"]
736 error notarget
736 error notarget This is most likely not a problem with npm itself.
736 error notarget In most cases you or one of your dependencies are requesting
736 error notarget a package version that doesn't exist.
737 verbose exit [ 1, true ]
